<?xml version="1.0" encoding="UTF-8"?>
<!-- Generated by org.testng.reporters.JUnitReportReporter -->
<testsuite hostname="DESKTOP-B2FLU8A" failures="0" tests="2" name="package1.Class2Test" time="0.031" errors="0" timestamp="2024-02-18T16:51:43 IST" skipped="0">
  <testcase classname="package1.Class2Test" name="method3" time="0.005"/>
  <system-out/>
  <testcase classname="package1.Class2Test" name="method1" time="0.026"/>
  <system-out/>
</testsuite> <!-- package1.Class2Test -->
