<?xml version="1.0" encoding="UTF-8"?>
<!-- Generated by org.testng.reporters.JUnitReportReporter -->
<testsuite hostname="DESKTOP-B2FLU8A" failures="0" tests="3" name="package1.Class1Test" time="0.022" errors="0" timestamp="2024-02-18T16:51:43 IST" skipped="0">
  <testcase classname="package1.Class1Test" name="method1" time="0.006"/>
  <system-out/>
  <testcase classname="package1.Class1Test" name="method3" time="0.009"/>
  <system-out/>
  <testcase classname="package1.Class1Test" name="method2" time="0.007"/>
  <system-out/>
</testsuite> <!-- package1.Class1Test -->
