<?xml version="1.0" encoding="UTF-8"?>
<!-- Generated by org.testng.reporters.JUnitReportReporter -->
<testsuite hostname="DESKTOP-B2FLU8A" failures="0" tests="2" name="package1.Class3Test" time="0.019" errors="0" timestamp="2024-02-18T16:51:43 IST" skipped="0">
  <testcase classname="package1.Class3Test" name="method3" time="0.004"/>
  <system-out/>
  <testcase classname="package1.Class3Test" name="method1" time="0.015"/>
  <system-out/>
</testsuite> <!-- package1.Class3Test -->
